<?xml version="1.0" encoding="UTF-8"?>
<!-- Generated by org.testng.reporters.JUnitXMLReporter -->
<testsuite hostname="MZKJ-PC-03267" name="Default test" tests="4" failures="0" timestamp="7 Jun 2016 02:18:02 GMT" time="1.506" errors="0">
  <testcase name="test" time="0.005" classname="com.yag.test.TestCase1"/>
  <testcase name="test2" time="0.252" classname="com.yag.test.TestCase1"/>
  <testcase name="test" time="0.17" classname="com.yag.test.TestCase2"/>
  <testcase name="test2" time="0.159" classname="com.yag.test.TestCase2"/>
</testsuite> <!-- Default test -->
