<?xml version="1.0" encoding="UTF-8"?>
<testng-results skipped="0" failed="0" total="2" passed="2">
  <reporter-output>
  </reporter-output>
  <suite name="Default suite" duration-ms="1069" started-at="2017-03-03T07:54:18Z" finished-at="2017-03-03T07:54:19Z">
    <groups>
    </groups>
    <test name="Default test" duration-ms="1069" started-at="2017-03-03T07:54:18Z" finished-at="2017-03-03T07:54:19Z">
      <class name="com.yag.test.TestCase1">
        <test-method status="PASS" signature="beforeSuite()[pri:0, instance:com.yag.test.TestCase1@55a2e547]" name="beforeSuite" is-config="true" duration-ms="16" started-at="2017-03-03T15:54:18Z" finished-at="2017-03-03T15:54:18Z">
          <reporter-output>
          </reporter-output>
        </test-method> <!-- beforeSuite -->
        <test-method status="PASS" signature="beforeClass()[pri:0, instance:com.yag.test.TestCase1@55a2e547]" name="beforeClass" is-config="true" duration-ms="119" started-at="2017-03-03T15:54:18Z" finished-at="2017-03-03T15:54:18Z">
          <reporter-output>
          </reporter-output>
        </test-method> <!-- beforeClass -->
        <test-method status="PASS" signature="beforeMethod()[pri:0, instance:com.yag.test.TestCase1@55a2e547]" name="beforeMethod" is-config="true" duration-ms="0" started-at="2017-03-03T15:54:18Z" finished-at="2017-03-03T15:54:18Z">
          <reporter-output>
          </reporter-output>
        </test-method> <!-- beforeMethod -->
        <test-method status="PASS" signature="test()[pri:0, instance:com.yag.test.TestCase1@55a2e547]" name="test" duration-ms="0" started-at="2017-03-03T15:54:18Z" finished-at="2017-03-03T15:54:18Z">
          <reporter-output>
          </reporter-output>
        </test-method> <!-- test -->
        <test-method status="PASS" signature="afterMethod(org.testng.ITestResult)[pri:0, instance:com.yag.test.TestCase1@55a2e547]" name="afterMethod" is-config="true" duration-ms="196" started-at="2017-03-03T15:54:18Z" finished-at="2017-03-03T15:54:18Z">
          <params>
            <param index="0">
              <value>
                <![CDATA[[TestResult name=test status=SUCCESS method=TestCase1.test()[pri:0, instance:com.yag.test.TestCase1@55a2e547] output={null}]]]>
              </value>
            </param>
          </params>
          <reporter-output>
          </reporter-output>
        </test-method> <!-- afterMethod -->
        <test-method status="PASS" signature="test2()[pri:0, instance:com.yag.test.TestCase1@55a2e547]" name="test2" duration-ms="357" started-at="2017-03-03T15:54:18Z" finished-at="2017-03-03T15:54:18Z">
          <reporter-output>
          </reporter-output>
        </test-method> <!-- test2 -->
        <test-method status="PASS" signature="beforeMethod()[pri:0, instance:com.yag.test.TestCase1@55a2e547]" name="beforeMethod" is-config="true" duration-ms="0" started-at="2017-03-03T15:54:18Z" finished-at="2017-03-03T15:54:18Z">
          <reporter-output>
          </reporter-output>
        </test-method> <!-- beforeMethod -->
        <test-method status="PASS" signature="afterMethod(org.testng.ITestResult)[pri:0, instance:com.yag.test.TestCase1@55a2e547]" name="afterMethod" is-config="true" duration-ms="345" started-at="2017-03-03T15:54:18Z" finished-at="2017-03-03T15:54:19Z">
          <params>
            <param index="0">
              <value>
                <![CDATA[[TestResult name=test2 status=SUCCESS method=TestCase1.test2()[pri:0, instance:com.yag.test.TestCase1@55a2e547] output={null}]]]>
              </value>
            </param>
          </params>
          <reporter-output>
          </reporter-output>
        </test-method> <!-- afterMethod -->
        <test-method status="PASS" signature="afterClass()[pri:0, instance:com.yag.test.TestCase1@55a2e547]" name="afterClass" is-config="true" duration-ms="40" started-at="2017-03-03T15:54:19Z" finished-at="2017-03-03T15:54:19Z">
          <reporter-output>
          </reporter-output>
        </test-method> <!-- afterClass -->
        <test-method status="PASS" signature="afterSuite()[pri:0, instance:com.yag.test.TestCase1@55a2e547]" name="afterSuite" is-config="true" duration-ms="686" started-at="2017-03-03T15:54:19Z" finished-at="2017-03-03T15:54:19Z">
          <reporter-output>
          </reporter-output>
        </test-method> <!-- afterSuite -->
      </class> <!-- com.yag.test.TestCase1 -->
    </test> <!-- Default test -->
  </suite> <!-- Default suite -->
</testng-results>
